# JRE version: OpenJDK Runtime Environment (8.0_242-b01) (build 1.8.0_242-release-1644-b01)
# Java VM: OpenJDK 64-Bit Server VM (25.242-b01 mixed mode windows-amd64 compressed oops)
Heap:
 PSYoungGen      total 119808K, used 76098K [0x00000000d5580000, 0x00000000dd980000, 0x0000000100000000)
  eden space 107520K, 61% used [0x00000000d5580000,0x00000000d9685bb8,0x00000000dbe80000)
  from space 12288K, 77% used [0x00000000dcb00000,0x00000000dd44aff0,0x00000000dd700000)
  to   space 12800K, 0% used [0x00000000dbe80000,0x00000000dbe80000,0x00000000dcb00000)
 ParOldGen       total 140800K, used 15078K [0x0000000080000000, 0x0000000088980000, 0x00000000d5580000)
  object space 140800K, 10% used [0x0000000080000000,0x0000000080eb9b98,0x0000000088980000)
 Metaspace       used 43342K, capacity 45360K, committed 45528K, reserved 1089536K
  class space    used 5915K, capacity 6339K, committed 6400K, reserved 1048576K
GC Heap History (10 events):
Event: 3.590 GC heap before
{Heap before GC invocations=6 (full 1):
 PSYoungGen      total 76288K, used 65536K [0x00000000d5580000, 0x00000000dea80000, 0x0000000100000000)
  eden space 65536K, 100% used [0x00000000d5580000,0x00000000d9580000,0x00000000d9580000)
  from space 10752K, 0% used [0x00000000da000000,0x00000000da000000,0x00000000daa80000)
  to   space 10752K, 0% used [0x00000000d9580000,0x00000000d9580000,0x00000000da000000)
 ParOldGen       total 94208K, used 7257K [0x0000000080000000, 0x0000000085c00000, 0x00000000d5580000)
  object space 94208K, 7% used [0x0000000080000000,0x00000000807167d8,0x0000000085c00000)
 Metaspace       used 25111K, capacity 26010K, committed 26112K, reserved 1071104K
  class space    used 3582K, capacity 3819K, committed 3840K, reserved 1048576K
Event: 3.594 GC heap after
Heap after GC invocations=6 (full 1):
 PSYoungGen      total 76288K, used 6341K [0x00000000d5580000, 0x00000000dd700000, 0x0000000100000000)
  eden space 65536K, 0% used [0x00000000d5580000,0x00000000d5580000,0x00000000d9580000)
  from space 10752K, 58% used [0x00000000d9580000,0x00000000d9bb16f8,0x00000000da000000)
  to   space 12288K, 0% used [0x00000000dcb00000,0x00000000dcb00000,0x00000000dd700000)
 ParOldGen       total 94208K, used 7265K [0x0000000080000000, 0x0000000085c00000, 0x00000000d5580000)
  object space 94208K, 7% used [0x0000000080000000,0x00000000807187d8,0x0000000085c00000)
 Metaspace       used 25111K, capacity 26010K, committed 26112K, reserved 1071104K
  class space    used 3582K, capacity 3819K, committed 3840K, reserved 1048576K
}
Event: 4.423 GC heap before
{Heap before GC invocations=7 (full 1):
 PSYoungGen      total 76288K, used 71877K [0x00000000d5580000, 0x00000000dd700000, 0x0000000100000000)
  eden space 65536K, 100% used [0x00000000d5580000,0x00000000d9580000,0x00000000d9580000)
  from space 10752K, 58% used [0x00000000d9580000,0x00000000d9bb16f8,0x00000000da000000)
  to   space 12288K, 0% used [0x00000000dcb00000,0x00000000dcb00000,0x00000000dd700000)
 ParOldGen       total 94208K, used 7265K [0x0000000080000000, 0x0000000085c00000, 0x00000000d5580000)
  object space 94208K, 7% used [0x0000000080000000,0x00000000807187d8,0x0000000085c00000)
 Metaspace       used 33010K, capacity 34202K, committed 34304K, reserved 1079296K
  class space    used 4458K, capacity 4778K, committed 4864K, reserved 1048576K
Event: 4.444 GC heap after
Heap after GC invocations=7 (full 1):
 PSYoungGen      total 119808K, used 10198K [0x00000000d5580000, 0x00000000dd980000, 0x0000000100000000)
  eden space 107520K, 0% used [0x00000000d5580000,0x00000000d5580000,0x00000000dbe80000)
  from space 12288K, 82% used [0x00000000dcb00000,0x00000000dd4f5948,0x00000000dd700000)
  to   space 12800K, 0% used [0x00000000dbe80000,0x00000000dbe80000,0x00000000dcb00000)
 ParOldGen       total 94208K, used 7273K [0x0000000080000000, 0x0000000085c00000, 0x00000000d5580000)
  object space 94208K, 7% used [0x0000000080000000,0x000000008071a7d8,0x0000000085c00000)
 Metaspace       used 33010K, capacity 34202K, committed 34304K, reserved 1079296K
  class space    used 4458K, capacity 4778K, committed 4864K, reserved 1048576K
}
Event: 4.758 GC heap before
{Heap before GC invocations=8 (full 1):
 PSYoungGen      total 119808K, used 36491K [0x00000000d5580000, 0x00000000dd980000, 0x0000000100000000)
  eden space 107520K, 24% used [0x00000000d5580000,0x00000000d6f2d5b8,0x00000000dbe80000)
  from space 12288K, 82% used [0x00000000dcb00000,0x00000000dd4f5948,0x00000000dd700000)
  to   space 12800K, 0% used [0x00000000dbe80000,0x00000000dbe80000,0x00000000dcb00000)
 ParOldGen       total 94208K, used 7273K [0x0000000080000000, 0x0000000085c00000, 0x00000000d5580000)
  object space 94208K, 7% used [0x0000000080000000,0x000000008071a7d8,0x0000000085c00000)
 Metaspace       used 33938K, capacity 35244K, committed 35416K, reserved 1079296K
  class space    used 4574K, capacity 4878K, committed 4992K, reserved 1048576K
Event: 4.767 GC heap after
Heap after GC invocations=8 (full 1):
 PSYoungGen      total 120320K, used 8541K [0x00000000d5580000, 0x00000000dd980000, 0x0000000100000000)
  eden space 107520K, 0% used [0x00000000d5580000,0x00000000d5580000,0x00000000dbe80000)
  from space 12800K, 66% used [0x00000000dbe80000,0x00000000dc6d75e0,0x00000000dcb00000)
  to   space 12288K, 0% used [0x00000000dcb00000,0x00000000dcb00000,0x00000000dd700000)
 ParOldGen       total 94208K, used 7281K [0x0000000080000000, 0x0000000085c00000, 0x00000000d5580000)
  object space 94208K, 7% used [0x0000000080000000,0x000000008071c7d8,0x0000000085c00000)
 Metaspace       used 33938K, capacity 35244K, committed 35416K, reserved 1079296K
  class space    used 4574K, capacity 4878K, committed 4992K, reserved 1048576K
}
Event: 4.767 GC heap before
{Heap before GC invocations=9 (full 2):
 PSYoungGen      total 120320K, used 8541K [0x00000000d5580000, 0x00000000dd980000, 0x0000000100000000)
  eden space 107520K, 0% used [0x00000000d5580000,0x00000000d5580000,0x00000000dbe80000)
  from space 12800K, 66% used [0x00000000dbe80000,0x00000000dc6d75e0,0x00000000dcb00000)
  to   space 12288K, 0% used [0x00000000dcb00000,0x00000000dcb00000,0x00000000dd700000)
 ParOldGen       total 94208K, used 7281K [0x0000000080000000, 0x0000000085c00000, 0x00000000d5580000)
  object space 94208K, 7% used [0x0000000080000000,0x000000008071c7d8,0x0000000085c00000)
 Metaspace       used 33938K, capacity 35244K, committed 35416K, reserved 1079296K
  class space    used 4574K, capacity 4878K, committed 4992K, reserved 1048576K
Event: 4.812 GC heap after
Heap after GC invocations=9 (full 2):
 PSYoungGen      total 120320K, used 0K [0x00000000d5580000, 0x00000000dd980000, 0x0000000100000000)
  eden space 107520K, 0% used [0x00000000d5580000,0x00000000d5580000,0x00000000dbe80000)
  from space 12800K, 0% used [0x00000000dbe80000,0x00000000dbe80000,0x00000000dcb00000)
  to   space 12288K, 0% used [0x00000000dcb00000,0x00000000dcb00000,0x00000000dd700000)
 ParOldGen       total 140800K, used 15070K [0x0000000080000000, 0x0000000088980000, 0x00000000d5580000)
  object space 140800K, 10% used [0x0000000080000000,0x0000000080eb7b98,0x0000000088980000)
 Metaspace       used 33938K, capacity 35244K, committed 35416K, reserved 1079296K
  class space    used 4574K, capacity 4878K, committed 4992K, reserved 1048576K
}
Event: 5.911 GC heap before
{Heap before GC invocations=10 (full 2):
 PSYoungGen      total 120320K, used 107520K [0x00000000d5580000, 0x00000000dd980000, 0x0000000100000000)
  eden space 107520K, 100% used [0x00000000d5580000,0x00000000dbe80000,0x00000000dbe80000)
  from space 12800K, 0% used [0x00000000dbe80000,0x00000000dbe80000,0x00000000dcb00000)
  to   space 12288K, 0% used [0x00000000dcb00000,0x00000000dcb00000,0x00000000dd700000)
 ParOldGen       total 140800K, used 15070K [0x0000000080000000, 0x0000000088980000, 0x00000000d5580000)
  object space 140800K, 10% used [0x0000000080000000,0x0000000080eb7b98,0x0000000088980000)
 Metaspace       used 38620K, capacity 40488K, committed 40792K, reserved 1085440K
  class space    used 5312K, capacity 5705K, committed 5760K, reserved 1048576K
Event: 5.917 GC heap after
Heap after GC invocations=10 (full 2):
 PSYoungGen      total 119808K, used 9515K [0x00000000d5580000, 0x00000000dd980000, 0x0000000100000000)
  eden space 107520K, 0% used [0x00000000d5580000,0x00000000d5580000,0x00000000dbe80000)
  from space 12288K, 77% used [0x00000000dcb00000,0x00000000dd44aff0,0x00000000dd700000)
  to   space 12800K, 0% used [0x00000000dbe80000,0x00000000dbe80000,0x00000000dcb00000)
 ParOldGen       total 140800K, used 15078K [0x0000000080000000, 0x0000000088980000, 0x00000000d5580000)
  object space 140800K, 10% used [0x0000000080000000,0x0000000080eb9b98,0x0000000088980000)
 Metaspace       used 38620K, capacity 40488K, committed 40792K, reserved 1085440K
  class space    used 5312K, capacity 5705K, committed 5760K, reserved 1048576K
}

